<?xml version="1.0" encoding="UTF-8"?>
<TestRun id="d6c1d181-8e80-428a-87d1-2716148c15df" name="gchen@WPG01217 2012-10-11 15:58:19" runUser="OBS\gchen" xmlns="http://microsoft.com/schemas/VisualStudio/TeamTest/2010">
  <TestSettings name="Local" id="26a7ebc3-5616-42cd-a617-d2bf7b5dcf90">
    <Description>These are default test settings for a local test run.</Description>
    <Deployment enabled="false" runDeploymentRoot="gchen_WPG01217 2012-10-11 15_58_19" />
    <Execution>
      <TestTypeSpecific />
      <AgentRule name="Execution Agents">
      </AgentRule>
    </Execution>
  </TestSettings>
  <Times creation="2012-10-11T15:58:19.7656537-05:00" queuing="2012-10-11T15:58:19.9986671-05:00" start="2012-10-11T15:58:20.1666767-05:00" finish="2012-10-11T15:58:20.7337091-05:00" />
  <ResultSummary outcome="Failed">
    <Counters total="2" executed="2" passed="1" error="0" failed="1" timeout="0" aborted="0" inconclusive="0" passedButRunAborted="0" notRunnable="0" notExecuted="0" disconnected="0" warning="0" completed="0" inProgress="0" pending="0" />
  </ResultSummary>
  <TestDefinitions>
    <UnitTest name="It_should_return_a_correct_post" storage="c:\codebase\auctionsitemvc\auctionsitemvc.tests\bin\debug\auctionsitemvc.tests.dll" id="4111b64f-f37d-ce56-0a0e-881493b069e6">
      <Execution timeOut="1800000" id="5b3c7f27-8e31-4147-9669-fb821cba3a24" />
      <TestMethod codeBase="C:/CodeBase/AuctionSiteMvc/AuctionSiteMvc.Tests/bin/Debug/AuctionSiteMvc.Tests.DLL" adapterTypeName="Microsoft.VisualStudio.TestTools.TestTypes.Unit.UnitTestAdapter, Microsoft.VisualStudio.QualityTools.Tips.UnitTest.Adapter, Version=10.0.0.0, Culture=neutral, PublicKeyToken=b03f5f7f11d50a3a" className="AuctionSiteMvc.Tests.When_edit_post_by_http_get, AuctionSiteMvc.Tests, Version=1.0.0.0, Culture=neutral, PublicKeyToken=null" name="It_should_return_a_correct_post" />
    </UnitTest>
    <UnitTest name="It_should_call_repository_get_by_id" storage="c:\codebase\auctionsitemvc\auctionsitemvc.tests\bin\debug\auctionsitemvc.tests.dll" id="8999f834-78da-a87d-a7dc-3ff7df0209f8">
      <Execution timeOut="1800000" id="41f28ef8-62f0-4a28-ad96-604c674e17ae" />
      <TestMethod codeBase="C:/CodeBase/AuctionSiteMvc/AuctionSiteMvc.Tests/bin/Debug/AuctionSiteMvc.Tests.DLL" adapterTypeName="Microsoft.VisualStudio.TestTools.TestTypes.Unit.UnitTestAdapter, Microsoft.VisualStudio.QualityTools.Tips.UnitTest.Adapter, Version=10.0.0.0, Culture=neutral, PublicKeyToken=b03f5f7f11d50a3a" className="AuctionSiteMvc.Tests.When_edit_post_by_http_get, AuctionSiteMvc.Tests, Version=1.0.0.0, Culture=neutral, PublicKeyToken=null" name="It_should_call_repository_get_by_id" />
    </UnitTest>
  </TestDefinitions>
  <TestLists>
    <TestList name="Results Not in a List" id="8c84fa94-04c1-424b-9868-57a2d4851a1d" />
    <TestList name="All Loaded Results" id="19431567-8539-422a-85d7-44ee4e166bda" />
  </TestLists>
  <TestEntries>
    <TestEntry testId="8999f834-78da-a87d-a7dc-3ff7df0209f8" executionId="41f28ef8-62f0-4a28-ad96-604c674e17ae" testListId="8c84fa94-04c1-424b-9868-57a2d4851a1d" />
    <TestEntry testId="4111b64f-f37d-ce56-0a0e-881493b069e6" executionId="5b3c7f27-8e31-4147-9669-fb821cba3a24" testListId="8c84fa94-04c1-424b-9868-57a2d4851a1d" />
  </TestEntries>
  <Results>
    <UnitTestResult executionId="41f28ef8-62f0-4a28-ad96-604c674e17ae" testId="8999f834-78da-a87d-a7dc-3ff7df0209f8" testName="It_should_call_repository_get_by_id" computerName="WPG01217" duration="00:00:00.0176436" startTime="2012-10-11T15:58:20.2846834-05:00" endTime="2012-10-11T15:58:20.5686997-05:00" testType="13cdc9d9-ddb5-4fa4-a97d-d965ccfc6d4b" outcome="Passed" testListId="8c84fa94-04c1-424b-9868-57a2d4851a1d" relativeResultsDirectory="41f28ef8-62f0-4a28-ad96-604c674e17ae">
    </UnitTestResult>
    <UnitTestResult executionId="5b3c7f27-8e31-4147-9669-fb821cba3a24" testId="4111b64f-f37d-ce56-0a0e-881493b069e6" testName="It_should_return_a_correct_post" computerName="WPG01217" duration="00:00:00.0881739" startTime="2012-10-11T15:58:20.5706998-05:00" endTime="2012-10-11T15:58:20.6607049-05:00" testType="13cdc9d9-ddb5-4fa4-a97d-d965ccfc6d4b" outcome="Failed" testListId="8c84fa94-04c1-424b-9868-57a2d4851a1d" relativeResultsDirectory="5b3c7f27-8e31-4147-9669-fb821cba3a24">
      <Output>
        <ErrorInfo>
          <Message>Test method AuctionSiteMvc.Tests.When_edit_post_by_http_get.It_should_return_a_correct_post threw exception: 
System.NullReferenceException: Object reference not set to an instance of an object.</Message>
          <StackTrace>    at AuctionSiteMvc.Tests.When_edit_post_by_http_get.It_should_return_a_correct_post() in C:\CodeBase\AuctionSiteMvc\AuctionSiteMvc.Tests\When_edit_post_by_http_get.cs:line 58
</StackTrace>
        </ErrorInfo>
      </Output>
    </UnitTestResult>
  </Results>
</TestRun>