<?xml version="1.0" encoding="UTF-8"?>
<TestRun id="bcc6bddb-7080-4311-a607-2a6be8f0c949" name="gchen@WPG01217 2012-10-11 16:08:18" runUser="OBS\gchen" xmlns="http://microsoft.com/schemas/VisualStudio/TeamTest/2010">
  <TestSettings name="Local" id="26a7ebc3-5616-42cd-a617-d2bf7b5dcf90">
    <Description>These are default test settings for a local test run.</Description>
    <Deployment enabled="false" runDeploymentRoot="gchen_WPG01217 2012-10-11 16_08_18" />
    <Execution>
      <TestTypeSpecific />
      <AgentRule name="Execution Agents">
      </AgentRule>
    </Execution>
  </TestSettings>
  <Times creation="2012-10-11T16:08:18.1628801-05:00" queuing="2012-10-11T16:08:18.4198948-05:00" start="2012-10-11T16:08:18.5859043-05:00" finish="2012-10-11T16:08:19.0509309-05:00" />
  <ResultSummary outcome="Failed">
    <Counters total="2" executed="2" error="0" failed="2" timeout="0" aborted="0" inconclusive="0" passedButRunAborted="0" notRunnable="0" notExecuted="0" disconnected="0" warning="0" passed="0" completed="0" inProgress="0" pending="0" />
  </ResultSummary>
  <TestDefinitions>
    <UnitTest name="It_should_return_a_correct_post" storage="c:\codebase\auctionsitemvc\auctionsitemvc.tests\bin\debug\auctionsitemvc.tests.dll" id="4111b64f-f37d-ce56-0a0e-881493b069e6">
      <Execution timeOut="1800000" id="ca3ec211-1141-40c5-b72a-fbecb083d1a1" />
      <TestMethod codeBase="C:/CodeBase/AuctionSiteMvc/AuctionSiteMvc.Tests/bin/Debug/AuctionSiteMvc.Tests.DLL" adapterTypeName="Microsoft.VisualStudio.TestTools.TestTypes.Unit.UnitTestAdapter, Microsoft.VisualStudio.QualityTools.Tips.UnitTest.Adapter, Version=10.0.0.0, Culture=neutral, PublicKeyToken=b03f5f7f11d50a3a" className="AuctionSiteMvc.Tests.When_edit_post_by_http_get, AuctionSiteMvc.Tests, Version=1.0.0.0, Culture=neutral, PublicKeyToken=null" name="It_should_return_a_correct_post" />
    </UnitTest>
    <UnitTest name="It_should_call_repository_get_by_id" storage="c:\codebase\auctionsitemvc\auctionsitemvc.tests\bin\debug\auctionsitemvc.tests.dll" id="8999f834-78da-a87d-a7dc-3ff7df0209f8">
      <Execution timeOut="1800000" id="df226ea5-6a0f-47ac-b546-da0e5164f1b6" />
      <TestMethod codeBase="C:/CodeBase/AuctionSiteMvc/AuctionSiteMvc.Tests/bin/Debug/AuctionSiteMvc.Tests.DLL" adapterTypeName="Microsoft.VisualStudio.TestTools.TestTypes.Unit.UnitTestAdapter, Microsoft.VisualStudio.QualityTools.Tips.UnitTest.Adapter, Version=10.0.0.0, Culture=neutral, PublicKeyToken=b03f5f7f11d50a3a" className="AuctionSiteMvc.Tests.When_edit_post_by_http_get, AuctionSiteMvc.Tests, Version=1.0.0.0, Culture=neutral, PublicKeyToken=null" name="It_should_call_repository_get_by_id" />
    </UnitTest>
  </TestDefinitions>
  <TestLists>
    <TestList name="Results Not in a List" id="8c84fa94-04c1-424b-9868-57a2d4851a1d" />
    <TestList name="All Loaded Results" id="19431567-8539-422a-85d7-44ee4e166bda" />
  </TestLists>
  <TestEntries>
    <TestEntry testId="8999f834-78da-a87d-a7dc-3ff7df0209f8" executionId="df226ea5-6a0f-47ac-b546-da0e5164f1b6" testListId="8c84fa94-04c1-424b-9868-57a2d4851a1d" />
    <TestEntry testId="4111b64f-f37d-ce56-0a0e-881493b069e6" executionId="ca3ec211-1141-40c5-b72a-fbecb083d1a1" testListId="8c84fa94-04c1-424b-9868-57a2d4851a1d" />
  </TestEntries>
  <Results>
    <UnitTestResult executionId="df226ea5-6a0f-47ac-b546-da0e5164f1b6" testId="8999f834-78da-a87d-a7dc-3ff7df0209f8" testName="It_should_call_repository_get_by_id" computerName="WPG01217" startTime="2012-10-11T16:08:18.7069112-05:00" endTime="2012-10-11T16:08:18.9789268-05:00" testType="13cdc9d9-ddb5-4fa4-a97d-d965ccfc6d4b" outcome="Failed" testListId="8c84fa94-04c1-424b-9868-57a2d4851a1d" relativeResultsDirectory="df226ea5-6a0f-47ac-b546-da0e5164f1b6">
      <Output>
        <ErrorInfo>
          <Message>Class Initialization method AuctionSiteMvc.Tests.When_edit_post_by_http_get.Setup threw exception. System.NullReferenceException: System.NullReferenceException: Object reference not set to an instance of an object..</Message>
          <StackTrace>    at AuctionSiteMvc.Controllers.PostController.Edit(Int32 postId) in C:\CodeBase\AuctionSiteMvc\AuctionSiteMvc\Controllers\PostController.cs:line 26
   at AuctionSiteMvc.Tests.When_edit_post_by_http_get.Setup(TestContext testContext) in C:\CodeBase\AuctionSiteMvc\AuctionSiteMvc.Tests\When_edit_post_by_http_get.cs:line 46
</StackTrace>
        </ErrorInfo>
      </Output>
    </UnitTestResult>
    <UnitTestResult executionId="ca3ec211-1141-40c5-b72a-fbecb083d1a1" testId="4111b64f-f37d-ce56-0a0e-881493b069e6" testName="It_should_return_a_correct_post" computerName="WPG01217" startTime="2012-10-11T16:08:18.9819270-05:00" endTime="2012-10-11T16:08:18.9839271-05:00" testType="13cdc9d9-ddb5-4fa4-a97d-d965ccfc6d4b" outcome="Failed" testListId="8c84fa94-04c1-424b-9868-57a2d4851a1d" relativeResultsDirectory="ca3ec211-1141-40c5-b72a-fbecb083d1a1">
      <Output>
        <ErrorInfo>
          <Message>Class Initialization method AuctionSiteMvc.Tests.When_edit_post_by_http_get.Setup threw exception. System.NullReferenceException: System.NullReferenceException: Object reference not set to an instance of an object..</Message>
          <StackTrace>    at AuctionSiteMvc.Controllers.PostController.Edit(Int32 postId) in C:\CodeBase\AuctionSiteMvc\AuctionSiteMvc\Controllers\PostController.cs:line 26
   at AuctionSiteMvc.Tests.When_edit_post_by_http_get.Setup(TestContext testContext) in C:\CodeBase\AuctionSiteMvc\AuctionSiteMvc.Tests\When_edit_post_by_http_get.cs:line 46
</StackTrace>
        </ErrorInfo>
      </Output>
    </UnitTestResult>
  </Results>
</TestRun>