<?xml version="1.0" encoding="UTF-8"?>
<TestRun id="0fd0a4bb-85d7-42c4-bbb7-910187625215" name="gchen@WPG01217 2012-10-01 01:12:51" runUser="OBS\gchen" xmlns="http://microsoft.com/schemas/VisualStudio/TeamTest/2010">
  <TestSettings name="Local" id="26a7ebc3-5616-42cd-a617-d2bf7b5dcf90">
    <Description>These are default test settings for a local test run.</Description>
    <Deployment enabled="false" runDeploymentRoot="gchen_WPG01217 2012-10-01 01_12_51" />
    <Execution>
      <TestTypeSpecific />
      <AgentRule name="Execution Agents">
      </AgentRule>
    </Execution>
  </TestSettings>
  <Times creation="2012-10-01T01:12:51.5187972-05:00" queuing="2012-10-01T01:12:51.8488161-05:00" start="2012-10-01T01:12:52.3268434-05:00" finish="2012-10-01T01:12:53.0918872-05:00" />
  <ResultSummary outcome="Failed">
    <Counters total="2" executed="2" error="0" failed="2" timeout="0" aborted="0" inconclusive="0" passedButRunAborted="0" notRunnable="0" notExecuted="0" disconnected="0" warning="0" passed="0" completed="0" inProgress="0" pending="0" />
  </ResultSummary>
  <TestDefinitions>
    <UnitTest name="It_should_return_a_correct_post" storage="c:\codebase\test\auctionsitemvc\auctionsitemvc.tests\bin\debug\auctionsitemvc.tests.dll" id="4111b64f-f37d-ce56-0a0e-881493b069e6">
      <Execution timeOut="1800000" id="14d10183-c30e-4623-abb8-e65c4e31428c" />
      <TestMethod codeBase="C:/CodeBase/test/AuctionSiteMvc/AuctionSiteMvc.Tests/bin/Debug/AuctionSiteMvc.Tests.DLL" adapterTypeName="Microsoft.VisualStudio.TestTools.TestTypes.Unit.UnitTestAdapter, Microsoft.VisualStudio.QualityTools.Tips.UnitTest.Adapter, Version=10.0.0.0, Culture=neutral, PublicKeyToken=b03f5f7f11d50a3a" className="AuctionSiteMvc.Tests.When_edit_post_by_http_get, AuctionSiteMvc.Tests, Version=1.0.0.0, Culture=neutral, PublicKeyToken=null" name="It_should_return_a_correct_post" />
    </UnitTest>
    <UnitTest name="It_should_call_repository_get_by_id" storage="c:\codebase\test\auctionsitemvc\auctionsitemvc.tests\bin\debug\auctionsitemvc.tests.dll" id="8999f834-78da-a87d-a7dc-3ff7df0209f8">
      <Execution timeOut="1800000" id="84d8ab49-5752-4f4b-b220-0b35895f76f3" />
      <TestMethod codeBase="C:/CodeBase/test/AuctionSiteMvc/AuctionSiteMvc.Tests/bin/Debug/AuctionSiteMvc.Tests.DLL" adapterTypeName="Microsoft.VisualStudio.TestTools.TestTypes.Unit.UnitTestAdapter, Microsoft.VisualStudio.QualityTools.Tips.UnitTest.Adapter, Version=10.0.0.0, Culture=neutral, PublicKeyToken=b03f5f7f11d50a3a" className="AuctionSiteMvc.Tests.When_edit_post_by_http_get, AuctionSiteMvc.Tests, Version=1.0.0.0, Culture=neutral, PublicKeyToken=null" name="It_should_call_repository_get_by_id" />
    </UnitTest>
  </TestDefinitions>
  <TestLists>
    <TestList name="Results Not in a List" id="8c84fa94-04c1-424b-9868-57a2d4851a1d" />
    <TestList name="All Loaded Results" id="19431567-8539-422a-85d7-44ee4e166bda" />
  </TestLists>
  <TestEntries>
    <TestEntry testId="8999f834-78da-a87d-a7dc-3ff7df0209f8" executionId="84d8ab49-5752-4f4b-b220-0b35895f76f3" testListId="8c84fa94-04c1-424b-9868-57a2d4851a1d" />
    <TestEntry testId="4111b64f-f37d-ce56-0a0e-881493b069e6" executionId="14d10183-c30e-4623-abb8-e65c4e31428c" testListId="8c84fa94-04c1-424b-9868-57a2d4851a1d" />
  </TestEntries>
  <Results>
    <UnitTestResult executionId="84d8ab49-5752-4f4b-b220-0b35895f76f3" testId="8999f834-78da-a87d-a7dc-3ff7df0209f8" testName="It_should_call_repository_get_by_id" computerName="WPG01217" duration="00:00:00.0419590" startTime="2012-10-01T01:12:52.4948531-05:00" endTime="2012-10-01T01:12:52.9138770-05:00" testType="13cdc9d9-ddb5-4fa4-a97d-d965ccfc6d4b" outcome="Failed" testListId="8c84fa94-04c1-424b-9868-57a2d4851a1d" relativeResultsDirectory="84d8ab49-5752-4f4b-b220-0b35895f76f3">
      <Output>
        <ErrorInfo>
          <Message>Test method AuctionSiteMvc.Tests.When_edit_post_by_http_get.It_should_call_repository_get_by_id threw exception: 
Rhino.Mocks.Exceptions.ExpectationViolationException: IPostRepository.GetById(955435685); Expected #1, Actual #0.</Message>
          <StackTrace>    at Rhino.Mocks.RhinoMocksExtensions.AssertWasCalled[T](T mock, Action`1 action, Action`1 setupConstraints)
   at Rhino.Mocks.RhinoMocksExtensions.AssertWasCalled[T](T mock, Func`2 action)
   at AuctionSiteMvc.Tests.When_edit_post_by_http_get.It_should_call_repository_get_by_id() in C:\CodeBase\test\AuctionSiteMvc\AuctionSiteMvc.Tests\When_edit_post_by_http_get.cs:line 41
</StackTrace>
        </ErrorInfo>
      </Output>
    </UnitTestResult>
    <UnitTestResult executionId="14d10183-c30e-4623-abb8-e65c4e31428c" testId="4111b64f-f37d-ce56-0a0e-881493b069e6" testName="It_should_return_a_correct_post" computerName="WPG01217" duration="00:00:00.0218173" startTime="2012-10-01T01:12:52.9168772-05:00" endTime="2012-10-01T01:12:52.9388785-05:00" testType="13cdc9d9-ddb5-4fa4-a97d-d965ccfc6d4b" outcome="Failed" testListId="8c84fa94-04c1-424b-9868-57a2d4851a1d" relativeResultsDirectory="14d10183-c30e-4623-abb8-e65c4e31428c">
      <Output>
        <ErrorInfo>
          <Message>Test method AuctionSiteMvc.Tests.When_edit_post_by_http_get.It_should_return_a_correct_post threw exception: 
System.NullReferenceException: Object reference not set to an instance of an object.</Message>
          <StackTrace>    at AuctionSiteMvc.Tests.When_edit_post_by_http_get.It_should_return_a_correct_post() in C:\CodeBase\test\AuctionSiteMvc\AuctionSiteMvc.Tests\When_edit_post_by_http_get.cs:line 47
</StackTrace>
        </ErrorInfo>
      </Output>
    </UnitTestResult>
  </Results>
</TestRun>