<?xml version="1.0" encoding="UTF-8"?>
<TestRun id="30a9c1ec-3655-4b92-9dc3-d8dd1b5090c3" name="gchen@WPG01217 2012-10-12 10:03:56" runUser="OBS\gchen" xmlns="http://microsoft.com/schemas/VisualStudio/TeamTest/2010">
  <TestSettings name="Local" id="26a7ebc3-5616-42cd-a617-d2bf7b5dcf90">
    <Description>These are default test settings for a local test run.</Description>
    <Deployment enabled="false" runDeploymentRoot="gchen_WPG01217 2012-10-12 10_03_56" />
    <Execution>
      <TestTypeSpecific />
      <AgentRule name="Execution Agents">
      </AgentRule>
    </Execution>
  </TestSettings>
  <Times creation="2012-10-12T10:03:56.0085104-05:00" queuing="2012-10-12T10:03:56.2175223-05:00" start="2012-10-12T10:03:56.3785315-05:00" finish="2012-10-12T10:03:56.9125621-05:00" />
  <ResultSummary outcome="Completed">
    <Counters total="1" executed="1" passed="1" error="0" failed="0" timeout="0" aborted="0" inconclusive="0" passedButRunAborted="0" notRunnable="0" notExecuted="0" disconnected="0" warning="0" completed="0" inProgress="0" pending="0" />
  </ResultSummary>
  <TestDefinitions>
    <UnitTest name="It_should_reture_to_details_of_correct_post" storage="c:\codebase\auctionsitemvc\auctionsitemvc.tests\bin\debug\auctionsitemvc.tests.dll" id="60f0edd9-cfbe-f135-41a8-c36f1491fc4f">
      <Execution timeOut="1800000" id="e0f0c7aa-58d8-4f2b-8cfa-2a8593df2b1c" />
      <TestMethod codeBase="C:/CodeBase/AuctionSiteMvc/AuctionSiteMvc.Tests/bin/Debug/AuctionSiteMvc.Tests.DLL" adapterTypeName="Microsoft.VisualStudio.TestTools.TestTypes.Unit.UnitTestAdapter, Microsoft.VisualStudio.QualityTools.Tips.UnitTest.Adapter, Version=10.0.0.0, Culture=neutral, PublicKeyToken=b03f5f7f11d50a3a" className="AuctionSiteMvc.Tests.When_save_an_editted_post, AuctionSiteMvc.Tests, Version=1.0.0.0, Culture=neutral, PublicKeyToken=null" name="It_should_reture_to_details_of_correct_post" />
    </UnitTest>
  </TestDefinitions>
  <TestLists>
    <TestList name="Results Not in a List" id="8c84fa94-04c1-424b-9868-57a2d4851a1d" />
    <TestList name="All Loaded Results" id="19431567-8539-422a-85d7-44ee4e166bda" />
  </TestLists>
  <TestEntries>
    <TestEntry testId="60f0edd9-cfbe-f135-41a8-c36f1491fc4f" executionId="e0f0c7aa-58d8-4f2b-8cfa-2a8593df2b1c" testListId="8c84fa94-04c1-424b-9868-57a2d4851a1d" />
  </TestEntries>
  <Results>
    <UnitTestResult executionId="e0f0c7aa-58d8-4f2b-8cfa-2a8593df2b1c" testId="60f0edd9-cfbe-f135-41a8-c36f1491fc4f" testName="It_should_reture_to_details_of_correct_post" computerName="WPG01217" duration="00:00:00.1058955" startTime="2012-10-12T10:03:56.4965383-05:00" endTime="2012-10-12T10:03:56.8515586-05:00" testType="13cdc9d9-ddb5-4fa4-a97d-d965ccfc6d4b" outcome="Passed" testListId="8c84fa94-04c1-424b-9868-57a2d4851a1d" relativeResultsDirectory="e0f0c7aa-58d8-4f2b-8cfa-2a8593df2b1c">
    </UnitTestResult>
  </Results>
</TestRun>