<?xml version="1.0" encoding="UTF-8"?>
<TestRun id="5556699f-cd43-4556-a5fb-4bdc372532e4" name="gchen@WPG01217 2012-10-11 16:08:50" runUser="OBS\gchen" xmlns="http://microsoft.com/schemas/VisualStudio/TeamTest/2010">
  <TestSettings name="Local" id="26a7ebc3-5616-42cd-a617-d2bf7b5dcf90">
    <Description>These are default test settings for a local test run.</Description>
    <Deployment enabled="false" runDeploymentRoot="gchen_WPG01217 2012-10-11 16_08_50" />
    <Execution>
      <TestTypeSpecific />
      <AgentRule name="Execution Agents">
      </AgentRule>
    </Execution>
  </TestSettings>
  <Times creation="2012-10-11T16:08:50.5267312-05:00" queuing="2012-10-11T16:08:50.7397434-05:00" start="2012-10-11T16:08:50.9267541-05:00" finish="2012-10-11T16:08:51.5327888-05:00" />
  <ResultSummary outcome="Completed">
    <Counters total="2" executed="2" passed="2" error="0" failed="0" timeout="0" aborted="0" inconclusive="0" passedButRunAborted="0" notRunnable="0" notExecuted="0" disconnected="0" warning="0" completed="0" inProgress="0" pending="0" />
  </ResultSummary>
  <TestDefinitions>
    <UnitTest name="It_should_return_a_correct_post" storage="c:\codebase\auctionsitemvc\auctionsitemvc.tests\bin\debug\auctionsitemvc.tests.dll" id="4111b64f-f37d-ce56-0a0e-881493b069e6">
      <Execution timeOut="1800000" id="07a54496-ae8d-4c88-be9d-9d9c06d68f39" />
      <TestMethod codeBase="C:/CodeBase/AuctionSiteMvc/AuctionSiteMvc.Tests/bin/Debug/AuctionSiteMvc.Tests.DLL" adapterTypeName="Microsoft.VisualStudio.TestTools.TestTypes.Unit.UnitTestAdapter, Microsoft.VisualStudio.QualityTools.Tips.UnitTest.Adapter, Version=10.0.0.0, Culture=neutral, PublicKeyToken=b03f5f7f11d50a3a" className="AuctionSiteMvc.Tests.When_edit_post_by_http_get, AuctionSiteMvc.Tests, Version=1.0.0.0, Culture=neutral, PublicKeyToken=null" name="It_should_return_a_correct_post" />
    </UnitTest>
    <UnitTest name="It_should_call_repository_get_by_id" storage="c:\codebase\auctionsitemvc\auctionsitemvc.tests\bin\debug\auctionsitemvc.tests.dll" id="8999f834-78da-a87d-a7dc-3ff7df0209f8">
      <Execution timeOut="1800000" id="6c50ad57-833f-40fb-ba5d-8c24d7226a19" />
      <TestMethod codeBase="C:/CodeBase/AuctionSiteMvc/AuctionSiteMvc.Tests/bin/Debug/AuctionSiteMvc.Tests.DLL" adapterTypeName="Microsoft.VisualStudio.TestTools.TestTypes.Unit.UnitTestAdapter, Microsoft.VisualStudio.QualityTools.Tips.UnitTest.Adapter, Version=10.0.0.0, Culture=neutral, PublicKeyToken=b03f5f7f11d50a3a" className="AuctionSiteMvc.Tests.When_edit_post_by_http_get, AuctionSiteMvc.Tests, Version=1.0.0.0, Culture=neutral, PublicKeyToken=null" name="It_should_call_repository_get_by_id" />
    </UnitTest>
  </TestDefinitions>
  <TestLists>
    <TestList name="Results Not in a List" id="8c84fa94-04c1-424b-9868-57a2d4851a1d" />
    <TestList name="All Loaded Results" id="19431567-8539-422a-85d7-44ee4e166bda" />
  </TestLists>
  <TestEntries>
    <TestEntry testId="8999f834-78da-a87d-a7dc-3ff7df0209f8" executionId="6c50ad57-833f-40fb-ba5d-8c24d7226a19" testListId="8c84fa94-04c1-424b-9868-57a2d4851a1d" />
    <TestEntry testId="4111b64f-f37d-ce56-0a0e-881493b069e6" executionId="07a54496-ae8d-4c88-be9d-9d9c06d68f39" testListId="8c84fa94-04c1-424b-9868-57a2d4851a1d" />
  </TestEntries>
  <Results>
    <UnitTestResult executionId="6c50ad57-833f-40fb-ba5d-8c24d7226a19" testId="8999f834-78da-a87d-a7dc-3ff7df0209f8" testName="It_should_call_repository_get_by_id" computerName="WPG01217" duration="00:00:00.0179439" startTime="2012-10-11T16:08:51.0487611-05:00" endTime="2012-10-11T16:08:51.3627790-05:00" testType="13cdc9d9-ddb5-4fa4-a97d-d965ccfc6d4b" outcome="Passed" testListId="8c84fa94-04c1-424b-9868-57a2d4851a1d" relativeResultsDirectory="6c50ad57-833f-40fb-ba5d-8c24d7226a19">
    </UnitTestResult>
    <UnitTestResult executionId="07a54496-ae8d-4c88-be9d-9d9c06d68f39" testId="4111b64f-f37d-ce56-0a0e-881493b069e6" testName="It_should_return_a_correct_post" computerName="WPG01217" duration="00:00:00.1036433" startTime="2012-10-11T16:08:51.3667793-05:00" endTime="2012-10-11T16:08:51.4767856-05:00" testType="13cdc9d9-ddb5-4fa4-a97d-d965ccfc6d4b" outcome="Passed" testListId="8c84fa94-04c1-424b-9868-57a2d4851a1d" relativeResultsDirectory="07a54496-ae8d-4c88-be9d-9d9c06d68f39">
    </UnitTestResult>
  </Results>
</TestRun>